0 info it worked if it ends with ok
1 verbose cli [ '/Users/tclain/.nvm/versions/node/v5.8.0/bin/node',
1 verbose cli   '/Users/tclain/.nvm/versions/node/v5.8.0/bin/npm',
1 verbose cli   'install',
1 verbose cli   '--save-dev',
1 verbose cli   'nativebase' ]
2 info using npm@3.10.6
3 info using node@v5.8.0
4 silly loadCurrentTree Starting
5 silly install loadCurrentTree
6 silly install readLocalPackageData
7 silly fetchPackageMetaData nativebase
8 silly fetchNamedPackageData nativebase
9 silly mapToRegistry name nativebase
10 silly mapToRegistry using default registry
11 silly mapToRegistry registry http://localhost:4873/
12 silly mapToRegistry data Result {
12 silly mapToRegistry   raw: 'nativebase',
12 silly mapToRegistry   scope: null,
12 silly mapToRegistry   escapedName: 'nativebase',
12 silly mapToRegistry   name: 'nativebase',
12 silly mapToRegistry   rawSpec: '',
12 silly mapToRegistry   spec: 'latest',
12 silly mapToRegistry   type: 'tag' }
13 silly mapToRegistry uri http://localhost:4873/nativebase
14 verbose request uri http://localhost:4873/nativebase
15 verbose request no auth needed
16 info attempt registry request try #1 at 20:10:40
17 verbose request using bearer token for auth
18 verbose request id 05f4c4bae990f0f3
19 http request GET http://localhost:4873/nativebase
20 http 404 http://localhost:4873/nativebase
21 verbose headers { 'x-powered-by': 'Sinopia/1.4.0',
21 verbose headers   'content-type': 'application/json; charset=utf-8',
21 verbose headers   'content-length': '43',
21 verbose headers   etag: 'W/"2b-d418f262"',
21 verbose headers   vary: 'Accept-Encoding',
21 verbose headers   'x-status-cat': 'http://flic.kr/p/aV6juR',
21 verbose headers   date: 'Wed, 28 Sep 2016 16:10:44 GMT',
21 verbose headers   connection: 'keep-alive' }
22 silly get cb [ 404,
22 silly get   { 'x-powered-by': 'Sinopia/1.4.0',
22 silly get     'content-type': 'application/json; charset=utf-8',
22 silly get     'content-length': '43',
22 silly get     etag: 'W/"2b-d418f262"',
22 silly get     vary: 'Accept-Encoding',
22 silly get     'x-status-cat': 'http://flic.kr/p/aV6juR',
22 silly get     date: 'Wed, 28 Sep 2016 16:10:44 GMT',
22 silly get     connection: 'keep-alive' } ]
23 silly fetchPackageMetaData Error: no such package available : nativebase
23 silly fetchPackageMetaData     at makeError (/Users/tclain/.nvm/versions/node/v5.8.0/lib/node_modules/npm/node_modules/npm-registry-client/lib/request.js:264:12)
23 silly fetchPackageMetaData     at CachingRegistryClient.<anonymous> (/Users/tclain/.nvm/versions/node/v5.8.0/lib/node_modules/npm/node_modules/npm-registry-client/lib/request.js:252:14)
23 silly fetchPackageMetaData     at Request._callback (/Users/tclain/.nvm/versions/node/v5.8.0/lib/node_modules/npm/node_modules/npm-registry-client/lib/request.js:172:14)
23 silly fetchPackageMetaData     at Request.self.callback (/Users/tclain/.nvm/versions/node/v5.8.0/lib/node_modules/npm/node_modules/request/request.js:200:22)
23 silly fetchPackageMetaData     at emitTwo (events.js:100:13)
23 silly fetchPackageMetaData     at Request.emit (events.js:185:7)
23 silly fetchPackageMetaData     at Request.<anonymous> (/Users/tclain/.nvm/versions/node/v5.8.0/lib/node_modules/npm/node_modules/request/request.js:1067:10)
23 silly fetchPackageMetaData     at emitOne (events.js:95:20)
23 silly fetchPackageMetaData     at Request.emit (events.js:182:7)
23 silly fetchPackageMetaData     at IncomingMessage.<anonymous> (/Users/tclain/.nvm/versions/node/v5.8.0/lib/node_modules/npm/node_modules/request/request.js:988:12)
23 silly fetchPackageMetaData  error for nativebase { [Error: no such package available : nativebase] pkgid: 'nativebase', statusCode: 404, code: 'E404' }
24 silly rollbackFailedOptional Starting
25 silly rollbackFailedOptional Finishing
26 silly runTopLevelLifecycles Starting
27 silly runTopLevelLifecycles Finishing
28 silly install printInstalled
29 verbose stack Error: no such package available : nativebase
29 verbose stack     at makeError (/Users/tclain/.nvm/versions/node/v5.8.0/lib/node_modules/npm/node_modules/npm-registry-client/lib/request.js:264:12)
29 verbose stack     at CachingRegistryClient.<anonymous> (/Users/tclain/.nvm/versions/node/v5.8.0/lib/node_modules/npm/node_modules/npm-registry-client/lib/request.js:252:14)
29 verbose stack     at Request._callback (/Users/tclain/.nvm/versions/node/v5.8.0/lib/node_modules/npm/node_modules/npm-registry-client/lib/request.js:172:14)
29 verbose stack     at Request.self.callback (/Users/tclain/.nvm/versions/node/v5.8.0/lib/node_modules/npm/node_modules/request/request.js:200:22)
29 verbose stack     at emitTwo (events.js:100:13)
29 verbose stack     at Request.emit (events.js:185:7)
29 verbose stack     at Request.<anonymous> (/Users/tclain/.nvm/versions/node/v5.8.0/lib/node_modules/npm/node_modules/request/request.js:1067:10)
29 verbose stack     at emitOne (events.js:95:20)
29 verbose stack     at Request.emit (events.js:182:7)
29 verbose stack     at IncomingMessage.<anonymous> (/Users/tclain/.nvm/versions/node/v5.8.0/lib/node_modules/npm/node_modules/request/request.js:988:12)
30 verbose statusCode 404
31 verbose pkgid nativebase
32 verbose cwd /Users/tclain/lab/react-native-simple-chat/web
33 error Darwin 15.4.0
34 error argv "/Users/tclain/.nvm/versions/node/v5.8.0/bin/node" "/Users/tclain/.nvm/versions/node/v5.8.0/bin/npm" "install" "--save-dev" "nativebase"
35 error node v5.8.0
36 error npm  v3.10.6
37 error code E404
38 error 404 no such package available : nativebase
39 error 404
40 error 404 'nativebase' is not in the npm registry.
41 error 404 You should bug the author to publish it (or use the name yourself!)
42 error 404 Note that you can also install from a
43 error 404 tarball, folder, http url, or git url.
44 verbose exit [ 1, true ]
